Connecting to database specified by database.yml
Started GET "/" for 128.74.236.233 at 2013-07-01 20:33:09 +0000
Processing by StoreController#index as HTML
Completed 500 Internal Server Error in 5ms

ActiveRecord::StatementInvalid (Could not find table 'categories'):
  app/controllers/store_controller.rb:9:in `index'


Connecting to database specified by database.yml
Started GET "/" for 128.74.236.233 at 2013-07-01 20:34:34 +0000
Processing by StoreController#index as HTML
  Rendered carts/_cart.html.erb (0.9ms)
  Rendered store/index.html.erb within layouts/application (634.7ms)
Completed 500 Internal Server Error in 696ms

ActionView::Template::Error (application.css isn't precompiled):
    6: 
    7:   <title><%= t('.title') %></title>
    8:   
    9:   <%= stylesheet_link_tag    "application", :media => "all" %>
    10:   <link href='http://fonts.googleapis.com/css?family=Open+Sans:400,300,300italic,400italic,600,600italic,700,700italic,800,800italic' rel='stylesheet' type='text/css'>
    11: 	<link href='http://fonts.googleapis.com/css?family=Cardo:400,400italic,700' rel='stylesheet' type='text/css'>
    12:   
  app/views/layouts/application.html.erb:9:in `_app_views_layouts_application_html_erb__108529081_85232370'


Compiled jquery_ujs.js  (0ms)  (pid 28869)
Compiled jquery.flexslider-min.js  (2ms)  (pid 28869)
Compiled scripts.js  (0ms)  (pid 28869)
Compiled selectivizr-min.js  (0ms)  (pid 28869)
Compiled store.js  (100ms)  (pid 28869)
Compiled superfish.js  (0ms)  (pid 28869)
Compiled application.js  (137ms)  (pid 28869)
Compiled 01superfish.css  (0ms)  (pid 28869)
Compiled 02prettyPhoto.css  (0ms)  (pid 28869)
Compiled 03style.css  (465ms)  (pid 28869)
Compiled 04responsive.css  (80ms)  (pid 28869)
Compiled 05flexslider.css  (0ms)  (pid 28869)
Compiled 06green.css  (29ms)  (pid 28869)
Compiled scaffolds.css  (6ms)  (pid 28869)
Compiled application.css  (628ms)  (pid 28869)
Compiled jquery_ujs.js  (0ms)  (pid 28869)
Compiled jquery.flexslider-min.js  (0ms)  (pid 28869)
Compiled scripts.js  (0ms)  (pid 28869)
Compiled selectivizr-min.js  (0ms)  (pid 28869)
Compiled store.js  (109ms)  (pid 28869)
Compiled superfish.js  (0ms)  (pid 28869)
Compiled application.js  (135ms)  (pid 28869)
Compiled 01superfish.css  (0ms)  (pid 28869)
Compiled 02prettyPhoto.css  (0ms)  (pid 28869)
Compiled 03style.css  (358ms)  (pid 28869)
Compiled 04responsive.css  (66ms)  (pid 28869)
Compiled 05flexslider.css  (0ms)  (pid 28869)
Compiled 06green.css  (25ms)  (pid 28869)
Compiled scaffolds.css  (5ms)  (pid 28869)
Compiled application.css  (542ms)  (pid 28869)
Started GET "/" for 128.74.236.233 at 2013-07-01 20:35:33 +0000
Processing by StoreController#index as HTML
  Rendered carts/_cart.html.erb (0.1ms)
  Rendered store/index.html.erb within layouts/application (27.4ms)
Completed 500 Internal Server Error in 40ms

ActionView::Template::Error (application.css isn't precompiled):
    6: 
    7:   <title><%= t('.title') %></title>
    8:   
    9:   <%= stylesheet_link_tag    "application", :media => "all" %>
    10:   <link href='http://fonts.googleapis.com/css?family=Open+Sans:400,300,300italic,400italic,600,600italic,700,700italic,800,800italic' rel='stylesheet' type='text/css'>
    11: 	<link href='http://fonts.googleapis.com/css?family=Cardo:400,400italic,700' rel='stylesheet' type='text/css'>
    12:   
  app/views/layouts/application.html.erb:9:in `_app_views_layouts_application_html_erb__108529081_85232370'


Compiled jquery_ujs.js  (0ms)  (pid 28901)
Compiled jquery.flexslider-min.js  (1ms)  (pid 28901)
Compiled scripts.js  (0ms)  (pid 28901)
Compiled selectivizr-min.js  (0ms)  (pid 28901)
Compiled store.js  (96ms)  (pid 28901)
Compiled superfish.js  (0ms)  (pid 28901)
Compiled application.js  (125ms)  (pid 28901)
Compiled 01superfish.css  (0ms)  (pid 28901)
Compiled 02prettyPhoto.css  (0ms)  (pid 28901)
Compiled 03style.css  (386ms)  (pid 28901)
Compiled 04responsive.css  (70ms)  (pid 28901)
Compiled 05flexslider.css  (0ms)  (pid 28901)
Compiled 06green.css  (27ms)  (pid 28901)
Compiled scaffolds.css  (5ms)  (pid 28901)
Compiled application.css  (579ms)  (pid 28901)
Compiled jquery_ujs.js  (0ms)  (pid 28901)
Compiled jquery.flexslider-min.js  (0ms)  (pid 28901)
Compiled scripts.js  (0ms)  (pid 28901)
Compiled selectivizr-min.js  (0ms)  (pid 28901)
Compiled store.js  (94ms)  (pid 28901)
Compiled superfish.js  (0ms)  (pid 28901)
Compiled application.js  (118ms)  (pid 28901)
Compiled 01superfish.css  (0ms)  (pid 28901)
Compiled 02prettyPhoto.css  (0ms)  (pid 28901)
Compiled 03style.css  (349ms)  (pid 28901)
Compiled 04responsive.css  (67ms)  (pid 28901)
Compiled 05flexslider.css  (0ms)  (pid 28901)
Compiled 06green.css  (26ms)  (pid 28901)
Compiled scaffolds.css  (5ms)  (pid 28901)
Compiled application.css  (534ms)  (pid 28901)
Started GET "/" for 128.74.236.233 at 2013-07-01 20:36:42 +0000
Processing by StoreController#index as HTML
  Rendered carts/_cart.html.erb (0.1ms)
  Rendered store/index.html.erb within layouts/application (19.3ms)
Completed 500 Internal Server Error in 31ms

ActionView::Template::Error (application.css isn't precompiled):
    6: 
    7:   <title><%= t('.title') %></title>
    8:   
    9:   <%= stylesheet_link_tag    "application", :media => "all" %>
    10:   <link href='http://fonts.googleapis.com/css?family=Open+Sans:400,300,300italic,400italic,600,600italic,700,700italic,800,800italic' rel='stylesheet' type='text/css'>
    11: 	<link href='http://fonts.googleapis.com/css?family=Cardo:400,400italic,700' rel='stylesheet' type='text/css'>
    12:   
  app/views/layouts/application.html.erb:9:in `_app_views_layouts_application_html_erb__108529081_85232370'


Compiled jquery_ujs.js  (0ms)  (pid 29090)
Compiled jquery.flexslider-min.js  (0ms)  (pid 29090)
Compiled scripts.js  (0ms)  (pid 29090)
Compiled selectivizr-min.js  (0ms)  (pid 29090)
Compiled store.js  (93ms)  (pid 29090)
Compiled superfish.js  (0ms)  (pid 29090)
Compiled application.js  (117ms)  (pid 29090)
Compiled 01superfish.css  (0ms)  (pid 29090)
Compiled 02prettyPhoto.css  (0ms)  (pid 29090)
Compiled 03style.css  (364ms)  (pid 29090)
Compiled 04responsive.css  (67ms)  (pid 29090)
Compiled 05flexslider.css  (0ms)  (pid 29090)
Compiled 06green.css  (27ms)  (pid 29090)
Compiled scaffolds.css  (6ms)  (pid 29090)
Compiled application.css  (552ms)  (pid 29090)
Compiled jquery_ujs.js  (0ms)  (pid 29090)
Compiled jquery.flexslider-min.js  (0ms)  (pid 29090)
Compiled scripts.js  (0ms)  (pid 29090)
Compiled selectivizr-min.js  (0ms)  (pid 29090)
Compiled store.js  (85ms)  (pid 29090)
Compiled superfish.js  (0ms)  (pid 29090)
Compiled application.js  (107ms)  (pid 29090)
Compiled 01superfish.css  (0ms)  (pid 29090)
Compiled 02prettyPhoto.css  (0ms)  (pid 29090)
Compiled 03style.css  (344ms)  (pid 29090)
Compiled 04responsive.css  (115ms)  (pid 29090)
Compiled 05flexslider.css  (0ms)  (pid 29090)
Compiled 06green.css  (25ms)  (pid 29090)
Compiled scaffolds.css  (5ms)  (pid 29090)
Compiled application.css  (521ms)  (pid 29090)
Started GET "/" for 128.74.236.233 at 2013-07-01 20:38:49 +0000
Processing by StoreController#index as HTML
  Rendered carts/_cart.html.erb (0.1ms)
  Rendered store/index.html.erb within layouts/application (23.3ms)
Completed 500 Internal Server Error in 36ms

ActionView::Template::Error (application.css isn't precompiled):
    6: 
    7:   <title><%= t('.title') %></title>
    8:   
    9:   <%= stylesheet_link_tag    "application", :media => "all" %>
    10:   <link href='http://fonts.googleapis.com/css?family=Open+Sans:400,300,300italic,400italic,600,600italic,700,700italic,800,800italic' rel='stylesheet' type='text/css'>
    11: 	<link href='http://fonts.googleapis.com/css?family=Cardo:400,400italic,700' rel='stylesheet' type='text/css'>
    12:   
  app/views/layouts/application.html.erb:9:in `_app_views_layouts_application_html_erb__108529081_85232370'


Compiled jquery_ujs.js  (0ms)  (pid 29156)
Compiled jquery.flexslider-min.js  (0ms)  (pid 29156)
Compiled scripts.js  (0ms)  (pid 29156)
Compiled selectivizr-min.js  (0ms)  (pid 29156)
Compiled store.js  (87ms)  (pid 29156)
Compiled superfish.js  (0ms)  (pid 29156)
Compiled application.js  (109ms)  (pid 29156)
Compiled 01superfish.css  (0ms)  (pid 29156)
Compiled 02prettyPhoto.css  (0ms)  (pid 29156)
Compiled 03style.css  (401ms)  (pid 29156)
Compiled 04responsive.css  (64ms)  (pid 29156)
Compiled 05flexslider.css  (0ms)  (pid 29156)
Compiled 06green.css  (25ms)  (pid 29156)
Compiled scaffolds.css  (5ms)  (pid 29156)
Compiled application.css  (529ms)  (pid 29156)
Compiled jquery_ujs.js  (0ms)  (pid 29156)
Compiled jquery.flexslider-min.js  (0ms)  (pid 29156)
Compiled scripts.js  (0ms)  (pid 29156)
Compiled selectivizr-min.js  (0ms)  (pid 29156)
Compiled store.js  (86ms)  (pid 29156)
Compiled superfish.js  (0ms)  (pid 29156)
Compiled application.js  (107ms)  (pid 29156)
Compiled 01superfish.css  (0ms)  (pid 29156)
Compiled 02prettyPhoto.css  (0ms)  (pid 29156)
Compiled 03style.css  (352ms)  (pid 29156)
Compiled 04responsive.css  (65ms)  (pid 29156)
Compiled 05flexslider.css  (0ms)  (pid 29156)
Compiled 06green.css  (25ms)  (pid 29156)
Compiled scaffolds.css  (5ms)  (pid 29156)
Compiled application.css  (529ms)  (pid 29156)
Connecting to database specified by database.yml
Started GET "/" for 128.74.236.233 at 2013-07-01 20:41:24 +0000
Processing by StoreController#index as HTML
  Rendered carts/_cart.html.erb (0.9ms)
  Rendered store/index.html.erb within layouts/application (652.9ms)
Completed 200 OK in 707ms (Views: 664.2ms | ActiveRecord: 19.2ms)
Started GET "/ru/store/show?product_id=4" for 128.74.236.233 at 2013-07-01 20:41:58 +0000
Processing by StoreController#show as HTML
  Parameters: {"product_id"=>"4", "locale"=>"ru"}
  Rendered carts/_cart.html.erb (3.1ms)
  Rendered store/show.html.erb within layouts/application (114.8ms)
Completed 200 OK in 132ms (Views: 121.4ms | ActiveRecord: 1.8ms)
Started GET "/assets/loader.gif" for 128.74.236.233 at 2013-07-01 20:41:58 +0000

ActionController::RoutingError (No route matches [GET] "/assets/loader.gif"):
  actionpack (3.2.13) lib/action_dispatch/middleware/debug_exceptions.rb:21:in `call'
  actionpack (3.2.13) lib/action_dispatch/middleware/show_exceptions.rb:56:in `call'
  railties (3.2.13) lib/rails/rack/logger.rb:32:in `call_app'
  railties (3.2.13) lib/rails/rack/logger.rb:16:in `block in call'
  activesupport (3.2.13) lib/active_support/tagged_logging.rb:22:in `tagged'
  railties (3.2.13) lib/rails/rack/logger.rb:16:in `call'
  actionpack (3.2.13) lib/action_dispatch/middleware/request_id.rb:22:in `call'
  rack (1.4.5) lib/rack/methodoverride.rb:21:in `call'
  rack (1.4.5) lib/rack/runtime.rb:17:in `call'
  activesupport (3.2.13) lib/active_support/cache/strategy/local_cache.rb:72:in `call'
  rack (1.4.5) lib/rack/lock.rb:15:in `call'
  rack-cache (1.2) lib/rack/cache/context.rb:136:in `forward'
  rack-cache (1.2) lib/rack/cache/context.rb:245:in `fetch'
  rack-cache (1.2) lib/rack/cache/context.rb:185:in `lookup'
  rack-cache (1.2) lib/rack/cache/context.rb:66:in `call!'
  rack-cache (1.2) lib/rack/cache/context.rb:51:in `call'
  railties (3.2.13) lib/rails/engine.rb:479:in `call'
  railties (3.2.13) lib/rails/application.rb:223:in `call'
  railties (3.2.13) lib/rails/railtie/configurable.rb:30:in `method_missing'
  passenger (4.0.5) lib/phusion_passenger/rack/thread_handler_extension.rb:77:in `process_request'
  passenger (4.0.5) lib/phusion_passenger/request_handler/thread_handler.rb:140:in `accept_and_process_next_request'
  passenger (4.0.5) lib/phusion_passenger/request_handler/thread_handler.rb:108:in `main_loop'
  passenger (4.0.5) lib/phusion_passenger/request_handler.rb:441:in `block (3 levels) in start_threads'


Started POST "/ru/line_items?product_id=4" for 128.74.236.233 at 2013-07-01 20:42:21 +0000
Processing by LineItemsController#create as JS
  Parameters: {"authenticity_token"=>"EosT536411tLqvLmUkpkfNlavKYpTojPqTWaB5X3DGo=", "product_id"=>"4", "locale"=>"ru"}
  Rendered line_items/_line_item.html.erb (7.8ms)
  Rendered carts/_cart.html.erb (18.0ms)
  Rendered line_items/create.js.erb (20.2ms)
Completed 200 OK in 55ms (Views: 22.5ms | ActiveRecord: 8.7ms)
Started GET "/" for 128.74.236.233 at 2013-07-01 20:42:25 +0000
Processing by StoreController#index as HTML
  Rendered line_items/_line_item.html.erb (3.4ms)
  Rendered carts/_cart.html.erb (7.7ms)
  Rendered store/index.html.erb within layouts/application (31.9ms)
Completed 200 OK in 38ms (Views: 34.5ms | ActiveRecord: 2.0ms)
Started POST "/ru/line_items?product_id=3" for 128.74.236.233 at 2013-07-01 20:42:29 +0000
Processing by LineItemsController#create as JS
  Parameters: {"authenticity_token"=>"EosT536411tLqvLmUkpkfNlavKYpTojPqTWaB5X3DGo=", "product_id"=>"3", "locale"=>"ru"}
  Rendered line_items/_line_item.html.erb (3.7ms)
  Rendered carts/_cart.html.erb (8.9ms)
  Rendered line_items/create.js.erb (9.5ms)
Completed 200 OK in 24ms (Views: 9.4ms | ActiveRecord: 7.7ms)
Started GET "/categories/1?locale=ru" for 128.74.236.233 at 2013-07-01 20:42:33 +0000
Processing by CategoriesController#show as HTML
  Parameters: {"locale"=>"ru", "id"=>"1"}
  Rendered categories/show.html.erb within layouts/application (14.6ms)
Completed 200 OK in 23ms (Views: 19.1ms | ActiveRecord: 1.0ms)
Started GET "/" for 128.74.236.233 at 2013-07-02 03:31:30 +0000
Processing by StoreController#index as HTML
  Rendered line_items/_line_item.html.erb (3.2ms)
  Rendered carts/_cart.html.erb (7.0ms)
  Rendered store/index.html.erb within layouts/application (30.3ms)
Completed 200 OK in 36ms (Views: 31.8ms | ActiveRecord: 2.0ms)
Started GET "/products" for 128.74.236.233 at 2013-07-02 03:44:55 +0000
Processing by ProductsController#index as HTML
Redirected to http://rstore.altaviel.ru/login?locale=ru
Filter chain halted as :authorize rendered or redirected
Completed 302 Found in 9ms (ActiveRecord: 1.1ms)
Started GET "/login?locale=ru" for 128.74.236.233 at 2013-07-02 03:44:56 +0000
Processing by SessionsController#new as HTML
  Parameters: {"locale"=>"ru"}
  Rendered sessions/new.html.erb within layouts/application (4.2ms)
Completed 200 OK in 13ms (Views: 10.9ms | ActiveRecord: 0.0ms)
Started POST "/login?locale=ru" for 128.74.236.233 at 2013-07-02 03:45:02 +0000
Processing by SessionsController#create as HTML
  Parameters: {"utf8"=>"✓", "authenticity_token"=>"EosT536411tLqvLmUkpkfNlavKYpTojPqTWaB5X3DGo=", "name"=>"admin", "password"=>"[FILTERED]", "commit"=>"Login", "locale"=>"ru"}
Redirected to http://rstore.altaviel.ru/admin?locale=ru
Completed 302 Found in 131ms (ActiveRecord: 0.4ms)
Started GET "/admin?locale=ru" for 128.74.236.233 at 2013-07-02 03:45:13 +0000
Processing by AdminController#index as HTML
  Parameters: {"locale"=>"ru"}
  Rendered admin/index.html.erb within layouts/application (3.2ms)
Completed 200 OK in 22ms (Views: 13.6ms | ActiveRecord: 1.1ms)
Started GET "/ru/products" for 128.74.236.233 at 2013-07-02 03:45:21 +0000
Processing by ProductsController#index as HTML
  Parameters: {"locale"=>"ru"}
  Rendered products/index.html.erb within layouts/application (22.9ms)
Completed 200 OK in 34ms (Views: 29.9ms | ActiveRecord: 0.6ms)
Started GET "/ru/products/new" for 128.74.236.233 at 2013-07-02 03:45:36 +0000
Processing by ProductsController#new as HTML
  Parameters: {"locale"=>"ru"}
  Rendered products/_form.html.erb (15.1ms)
  Rendered products/new.html.erb within layouts/application (60.5ms)
Completed 200 OK in 72ms (Views: 66.9ms | ActiveRecord: 0.7ms)
Started GET "/photos/small/missing.png" for 128.74.236.233 at 2013-07-02 03:45:37 +0000

ActionController::RoutingError (No route matches [GET] "/photos/small/missing.png"):
  actionpack (3.2.13) lib/action_dispatch/middleware/debug_exceptions.rb:21:in `call'
  actionpack (3.2.13) lib/action_dispatch/middleware/show_exceptions.rb:56:in `call'
  railties (3.2.13) lib/rails/rack/logger.rb:32:in `call_app'
  railties (3.2.13) lib/rails/rack/logger.rb:16:in `block in call'
  activesupport (3.2.13) lib/active_support/tagged_logging.rb:22:in `tagged'
  railties (3.2.13) lib/rails/rack/logger.rb:16:in `call'
  actionpack (3.2.13) lib/action_dispatch/middleware/request_id.rb:22:in `call'
  rack (1.4.5) lib/rack/methodoverride.rb:21:in `call'
  rack (1.4.5) lib/rack/runtime.rb:17:in `call'
  activesupport (3.2.13) lib/active_support/cache/strategy/local_cache.rb:72:in `call'
  rack (1.4.5) lib/rack/lock.rb:15:in `call'
  rack-cache (1.2) lib/rack/cache/context.rb:136:in `forward'
  rack-cache (1.2) lib/rack/cache/context.rb:245:in `fetch'
  rack-cache (1.2) lib/rack/cache/context.rb:185:in `lookup'
  rack-cache (1.2) lib/rack/cache/context.rb:66:in `call!'
  rack-cache (1.2) lib/rack/cache/context.rb:51:in `call'
  railties (3.2.13) lib/rails/engine.rb:479:in `call'
  railties (3.2.13) lib/rails/application.rb:223:in `call'
  railties (3.2.13) lib/rails/railtie/configurable.rb:30:in `method_missing'
  passenger (4.0.5) lib/phusion_passenger/rack/thread_handler_extension.rb:77:in `process_request'
  passenger (4.0.5) lib/phusion_passenger/request_handler/thread_handler.rb:140:in `accept_and_process_next_request'
  passenger (4.0.5) lib/phusion_passenger/request_handler/thread_handler.rb:108:in `main_loop'
  passenger (4.0.5) lib/phusion_passenger/request_handler.rb:441:in `block (3 levels) in start_threads'


Started GET "/categories?locale=ru" for 128.74.236.233 at 2013-07-02 03:45:52 +0000
Processing by CategoriesController#index as HTML
  Parameters: {"locale"=>"ru"}
  Rendered categories/index.html.erb within layouts/application (4.0ms)
Completed 200 OK in 13ms (Views: 9.8ms | ActiveRecord: 0.3ms)
Started GET "/ru/orders" for 128.74.236.233 at 2013-07-02 03:45:56 +0000
Processing by OrdersController#index as HTML
  Parameters: {"locale"=>"ru"}
  Rendered orders/index.html.erb within layouts/application (85.1ms)
Completed 200 OK in 95ms (Views: 90.6ms | ActiveRecord: 1.1ms)
Started GET "/ru/orders/10" for 128.74.236.233 at 2013-07-02 03:46:03 +0000
Processing by OrdersController#show as HTML
  Parameters: {"locale"=>"ru", "id"=>"10"}
  Rendered orders/show.html.erb within layouts/application (2.1ms)
Completed 200 OK in 12ms (Views: 7.7ms | ActiveRecord: 0.6ms)
Started DELETE "/ru/orders/10" for 128.74.236.233 at 2013-07-02 03:46:12 +0000
Processing by OrdersController#destroy as HTML
  Parameters: {"authenticity_token"=>"EosT536411tLqvLmUkpkfNlavKYpTojPqTWaB5X3DGo=", "locale"=>"ru", "id"=>"10"}
Redirected to http://rstore.altaviel.ru/ru/orders
Completed 302 Found in 17ms (ActiveRecord: 7.3ms)
Started GET "/ru/orders" for 128.74.236.233 at 2013-07-02 03:46:19 +0000
Processing by OrdersController#index as HTML
  Parameters: {"locale"=>"ru"}
  Rendered orders/index.html.erb within layouts/application (15.2ms)
Completed 200 OK in 23ms (Views: 19.0ms | ActiveRecord: 1.1ms)
